2021-12-11T08:31:49.495559-00:00 0 [System] [MY-013169] [Server] /usr/sbin/mysqld (mysqld 8.0.27) initializing of server in progress as process 44
2021-12-11T08:31:49.503342-00:00 0 [Warning] [MY-010159] [Server] Setting lower_case_table_names=2 because file system for /var/lib/mysql/ is case insensitive
2021-12-11T08:31:49.576777-00:00 1 [System] [MY-013576] [InnoDB] InnoDB initialization has started.
2021-12-11T08:31:52.731755-00:00 1 [System] [MY-013577] [InnoDB] InnoDB initialization has ended.
2021-12-11T08:31:55.202116-00:00 0 [Warning] [MY-013746] [Server] A deprecated TLS version TLSv1 is enabled for channel mysql_main
2021-12-11T08:31:55.202946-00:00 0 [Warning] [MY-013746] [Server] A deprecated TLS version TLSv1.1 is enabled for channel mysql_main
2021-12-11T08:31:55.288577-00:00 6 [Warning] [MY-010453] [Server] root@localhost is created with an empty password ! Please consider switching off the --initialize-insecure option.
2021-12-11T08:32:06.321619-00:00 0 [System] [MY-010116] [Server] /usr/sbin/mysqld (mysqld 8.0.27) starting as process 93
2021-12-11T08:32:06.339100-00:00 0 [Warning] [MY-010159] [Server] Setting lower_case_table_names=2 because file system for /var/lib/mysql/ is case insensitive
2021-12-11T08:32:06.378841-00:00 1 [System] [MY-013576] [InnoDB] InnoDB initialization has started.
2021-12-11T08:32:07.228825-00:00 1 [System] [MY-013577] [InnoDB] InnoDB initialization has ended.
2021-12-11T08:32:07.704508-00:00 0 [Warning] [MY-013746] [Server] A deprecated TLS version TLSv1 is enabled for channel mysql_main
2021-12-11T08:32:07.705020-00:00 0 [Warning] [MY-013746] [Server] A deprecated TLS version TLSv1.1 is enabled for channel mysql_main
2021-12-11T08:32:07.708490-00:00 0 [Warning] [MY-010068] [Server] CA certificate ca.pem is self signed.
2021-12-11T08:32:07.709232-00:00 0 [System] [MY-013602] [Server] Channel mysql_main configured to support TLS. Encrypted connections are now supported for this channel.
2021-12-11T08:32:07.717681-00:00 0 [Warning] [MY-011810] [Server] Insecure configuration for --pid-file: Location '/var/run/mysqld' in the path is accessible to all OS users. Consider choosing a different directory.
2021-12-11T08:32:07.791657-00:00 0 [System] [MY-011323] [Server] X Plugin ready for connections. Socket: /var/run/mysqld/mysqlx.sock
2021-12-11T08:32:07.791891-00:00 0 [System] [MY-010931] [Server] /usr/sbin/mysqld: ready for connections. Version: '8.0.27'  socket: '/var/run/mysqld/mysqld.sock'  port: 0  MySQL Community Server - GPL.
2021-12-11T08:32:17.854305-00:00 13 [System] [MY-013172] [Server] Received SHUTDOWN from user root. Shutting down mysqld (Version: 8.0.27).
2021-12-11T08:32:19.424137-00:00 0 [System] [MY-010910] [Server] /usr/sbin/mysqld: Shutdown complete (mysqld 8.0.27)  MySQL Community Server - GPL.
2021-12-11T08:32:20.122380-00:00 0 [System] [MY-010116] [Server] /usr/sbin/mysqld (mysqld 8.0.27) starting as process 1
2021-12-11T08:32:20.130979-00:00 0 [Warning] [MY-010159] [Server] Setting lower_case_table_names=2 because file system for /var/lib/mysql/ is case insensitive
2021-12-11T08:32:20.146511-00:00 1 [System] [MY-013576] [InnoDB] InnoDB initialization has started.
2021-12-11T08:32:20.625337-00:00 1 [System] [MY-013577] [InnoDB] InnoDB initialization has ended.
2021-12-11T08:32:20.925141-00:00 0 [Warning] [MY-013746] [Server] A deprecated TLS version TLSv1 is enabled for channel mysql_main
2021-12-11T08:32:20.925594-00:00 0 [Warning] [MY-013746] [Server] A deprecated TLS version TLSv1.1 is enabled for channel mysql_main
2021-12-11T08:32:20.929373-00:00 0 [Warning] [MY-010068] [Server] CA certificate ca.pem is self signed.
2021-12-11T08:32:20.929798-00:00 0 [System] [MY-013602] [Server] Channel mysql_main configured to support TLS. Encrypted connections are now supported for this channel.
2021-12-11T08:32:20.934103-00:00 0 [Warning] [MY-011810] [Server] Insecure configuration for --pid-file: Location '/var/run/mysqld' in the path is accessible to all OS users. Consider choosing a different directory.
2021-12-11T08:32:20.986032-00:00 0 [System] [MY-011323] [Server] X Plugin ready for connections. Bind-address: '::' port: 33060, socket: /var/run/mysqld/mysqlx.sock
2021-12-11T08:32:20.986111-00:00 0 [System] [MY-010931] [Server] /usr/sbin/mysqld: ready for connections. Version: '8.0.27'  socket: '/var/run/mysqld/mysqld.sock'  port: 3306  MySQL Community Server - GPL.
2021-12-11T08:54:14.905700-00:00 0 [System] [MY-013172] [Server] Received SHUTDOWN from user <via user signal>. Shutting down mysqld (Version: 8.0.27).
2021-12-11T08:54:17.405280-00:00 0 [System] [MY-010910] [Server] /usr/sbin/mysqld: Shutdown complete (mysqld 8.0.27)  MySQL Community Server - GPL.
2021-12-11T08:54:41.865160-00:00 0 [System] [MY-010116] [Server] /usr/sbin/mysqld (mysqld 8.0.27) starting as process 1
2021-12-11T08:54:41.952710-00:00 0 [Warning] [MY-010159] [Server] Setting lower_case_table_names=2 because file system for /var/lib/mysql/ is case insensitive
2021-12-11T08:54:42.112457-00:00 1 [System] [MY-013576] [InnoDB] InnoDB initialization has started.
2021-12-11T08:54:44.489254-00:00 1 [System] [MY-013577] [InnoDB] InnoDB initialization has ended.
2021-12-11T08:54:46.044671-00:00 0 [Warning] [MY-013746] [Server] A deprecated TLS version TLSv1 is enabled for channel mysql_main
2021-12-11T08:54:46.046026-00:00 0 [Warning] [MY-013746] [Server] A deprecated TLS version TLSv1.1 is enabled for channel mysql_main
2021-12-11T08:54:46.107796-00:00 0 [Warning] [MY-010068] [Server] CA certificate ca.pem is self signed.
2021-12-11T08:54:46.109529-00:00 0 [System] [MY-013602] [Server] Channel mysql_main configured to support TLS. Encrypted connections are now supported for this channel.
2021-12-11T08:54:46.138091-00:00 0 [Warning] [MY-011810] [Server] Insecure configuration for --pid-file: Location '/var/run/mysqld' in the path is accessible to all OS users. Consider choosing a different directory.
2021-12-11T08:54:46.383787-00:00 0 [System] [MY-011323] [Server] X Plugin ready for connections. Bind-address: '::' port: 33060, socket: /var/run/mysqld/mysqlx.sock
2021-12-11T08:54:46.383855-00:00 0 [System] [MY-010931] [Server] /usr/sbin/mysqld: ready for connections. Version: '8.0.27'  socket: '/var/run/mysqld/mysqld.sock'  port: 3306  MySQL Community Server - GPL.
2021-12-11T08:54:46.388524-00:00 0 [System] [MY-013172] [Server] Received SHUTDOWN from user <via user signal>. Shutting down mysqld (Version: 8.0.27).
2021-12-11T08:54:47.181110-00:00 0 [System] [MY-010910] [Server] /usr/sbin/mysqld: Shutdown complete (mysqld 8.0.27)  MySQL Community Server - GPL.
2021-12-11T08:56:03.178272-00:00 0 [System] [MY-010116] [Server] /usr/sbin/mysqld (mysqld 8.0.27) starting as process 1
2021-12-11T08:56:03.204002-00:00 0 [Warning] [MY-010159] [Server] Setting lower_case_table_names=2 because file system for /var/lib/mysql/ is case insensitive
2021-12-11T08:56:03.254398-00:00 1 [System] [MY-013576] [InnoDB] InnoDB initialization has started.
2021-12-11T08:56:04.830025-00:00 1 [System] [MY-013577] [InnoDB] InnoDB initialization has ended.
2021-12-11T08:56:05.588762-00:00 0 [Warning] [MY-013746] [Server] A deprecated TLS version TLSv1 is enabled for channel mysql_main
2021-12-11T08:56:05.589559-00:00 0 [Warning] [MY-013746] [Server] A deprecated TLS version TLSv1.1 is enabled for channel mysql_main
2021-12-11T08:56:05.603814-00:00 0 [Warning] [MY-010068] [Server] CA certificate ca.pem is self signed.
2021-12-11T08:56:05.604846-00:00 0 [System] [MY-013602] [Server] Channel mysql_main configured to support TLS. Encrypted connections are now supported for this channel.
2021-12-11T08:56:05.619703-00:00 0 [Warning] [MY-011810] [Server] Insecure configuration for --pid-file: Location '/var/run/mysqld' in the path is accessible to all OS users. Consider choosing a different directory.
2021-12-11T08:56:05.813385-00:00 0 [System] [MY-011323] [Server] X Plugin ready for connections. Bind-address: '::' port: 33060, socket: /var/run/mysqld/mysqlx.sock
2021-12-11T08:56:05.813746-00:00 0 [System] [MY-010931] [Server] /usr/sbin/mysqld: ready for connections. Version: '8.0.27'  socket: '/var/run/mysqld/mysqld.sock'  port: 3306  MySQL Community Server - GPL.
2021-12-11T08:56:15.780216-00:00 0 [System] [MY-013172] [Server] Received SHUTDOWN from user <via user signal>. Shutting down mysqld (Version: 8.0.27).
2021-12-11T08:56:16.854493-00:00 0 [System] [MY-010910] [Server] /usr/sbin/mysqld: Shutdown complete (mysqld 8.0.27)  MySQL Community Server - GPL.
2021-12-11T08:56:59.759575-00:00 0 [System] [MY-010116] [Server] /usr/sbin/mysqld (mysqld 8.0.27) starting as process 1
2021-12-11T08:56:59.770453-00:00 0 [Warning] [MY-010159] [Server] Setting lower_case_table_names=2 because file system for /var/lib/mysql/ is case insensitive
2021-12-11T08:56:59.808211-00:00 1 [System] [MY-013576] [InnoDB] InnoDB initialization has started.
2021-12-11T08:57:00.829597-00:00 1 [System] [MY-013577] [InnoDB] InnoDB initialization has ended.
2021-12-11T08:57:01.306955-00:00 0 [Warning] [MY-013746] [Server] A deprecated TLS version TLSv1 is enabled for channel mysql_main
2021-12-11T08:57:01.307909-00:00 0 [Warning] [MY-013746] [Server] A deprecated TLS version TLSv1.1 is enabled for channel mysql_main
2021-12-11T08:57:01.316206-00:00 0 [Warning] [MY-010068] [Server] CA certificate ca.pem is self signed.
2021-12-11T08:57:01.316936-00:00 0 [System] [MY-013602] [Server] Channel mysql_main configured to support TLS. Encrypted connections are now supported for this channel.
2021-12-11T08:57:01.326152-00:00 0 [Warning] [MY-011810] [Server] Insecure configuration for --pid-file: Location '/var/run/mysqld' in the path is accessible to all OS users. Consider choosing a different directory.
2021-12-11T08:57:01.487280-00:00 0 [System] [MY-011323] [Server] X Plugin ready for connections. Bind-address: '::' port: 33060, socket: /var/run/mysqld/mysqlx.sock
2021-12-11T08:57:01.487952-00:00 0 [System] [MY-010931] [Server] /usr/sbin/mysqld: ready for connections. Version: '8.0.27'  socket: '/var/run/mysqld/mysqld.sock'  port: 3306  MySQL Community Server - GPL.
